SF:lib\main.dart
DA:7,0
DA:8,0
DA:9,0
DA:10,0
DA:14,2
DA:16,1
DA:18,1
DA:19,1
DA:20,3
DA:22,1
DA:24,1
DA:25,1
LF:12
LH:8
end_of_record
SF:lib\helpers\helper_widget.dart
DA:4,1
DA:6,0
DA:7,0
DA:13,0
DA:15,0
DA:16,0
DA:19,0
DA:20,0
DA:21,0
DA:22,0
DA:23,0
DA:28,0
DA:30,0
DA:31,0
DA:34,0
DA:36,0
DA:37,0
DA:38,0
DA:39,0
DA:41,0
LF:20
LH:1
end_of_record
SF:lib\helpers\snackbar_bottom.dart
DA:3,0
DA:4,0
DA:5,0
DA:7,0
DA:8,0
DA:9,0
DA:10,0
DA:13,0
DA:15,0
DA:16,0
DA:18,0
DA:19,0
DA:27,0
DA:36,0
LF:14
LH:0
end_of_record
SF:lib\view\food_search_menu.dart
DA:11,1
DA:13,1
DA:14,1
DA:20,1
DA:22,1
DA:23,1
DA:24,3
DA:25,1
DA:27,1
DA:28,1
DA:29,1
DA:30,1
DA:32,1
DA:33,1
DA:34,1
DA:35,0
DA:36,0
DA:45,1
DA:46,3
DA:47,1
DA:49,0
DA:50,0
DA:51,0
DA:59,1
DA:60,2
DA:61,1
DA:62,1
DA:64,1
DA:65,2
DA:66,0
DA:68,0
DA:70,0
DA:71,0
DA:73,0
DA:74,0
DA:79,0
DA:80,0
DA:81,0
DA:87,0
DA:93,1
DA:94,0
DA:96,2
DA:97,3
DA:106,0
DA:107,0
DA:108,0
DA:109,0
DA:111,0
DA:115,4
DA:117,0
DA:118,0
DA:119,0
DA:120,0
DA:121,0
DA:125,0
DA:126,0
DA:130,0
DA:131,0
DA:132,0
DA:133,0
DA:134,0
DA:138,2
DA:145,1
DA:146,1
DA:147,1
DA:149,1
DA:150,0
DA:151,1
DA:153,2
DA:154,1
DA:156,1
DA:157,2
DA:158,1
DA:166,2
DA:168,1
DA:176,2
DA:178,1
DA:180,1
DA:181,2
DA:183,6
DA:185,6
LF:81
LH:47
end_of_record
SF:lib\view_model\search_food_view_model.dart
DA:31,4
DA:33,1
DA:34,1
DA:38,4
DA:40,1
DA:41,1
DA:42,1
DA:44,1
DA:45,1
DA:46,2
DA:47,1
DA:48,1
DA:49,3
DA:50,4
DA:51,4
DA:52,4
DA:53,1
DA:54,1
DA:55,1
DA:56,1
DA:61,4
DA:63,1
DA:64,3
DA:65,1
DA:69,4
DA:71,1
DA:72,2
DA:73,1
DA:76,1
DA:77,2
DA:78,1
LF:31
LH:31
end_of_record
SF:lib\view\cart_checkout.dart
DA:7,0
DA:9,0
DA:10,0
DA:16,0
DA:18,0
DA:19,0
DA:22,0
DA:24,0
DA:25,0
DA:28,0
DA:30,0
DA:37,0
DA:39,0
DA:40,0
DA:42,0
DA:43,0
DA:45,0
DA:46,0
DA:47,0
DA:48,0
DA:50,0
DA:51,0
DA:52,0
DA:53,0
DA:54,0
DA:55,0
DA:60,0
DA:62,0
DA:64,0
DA:66,0
DA:68,0
DA:73,0
DA:75,0
DA:76,0
DA:77,0
DA:78,0
DA:79,0
DA:81,0
DA:83,0
DA:84,0
DA:95,0
DA:96,0
DA:98,0
DA:100,0
DA:101,0
DA:103,0
DA:104,0
DA:105,0
DA:108,0
DA:109,0
DA:110,0
DA:112,0
DA:116,0
DA:117,0
DA:119,0
DA:130,0
DA:132,0
DA:134,0
DA:135,0
DA:136,0
DA:138,0
DA:140,0
DA:141,0
DA:143,0
DA:144,0
DA:145,0
DA:146,0
DA:148,0
DA:149,0
DA:150,0
DA:151,0
DA:152,0
DA:153,0
DA:154,0
DA:160,0
DA:166,0
DA:167,0
DA:169,0
DA:171,0
DA:172,0
DA:174,0
DA:176,0
DA:177,0
DA:178,0
DA:185,0
DA:186,0
DA:187,0
DA:190,0
DA:191,0
DA:192,0
DA:199,0
DA:200,0
DA:202,0
DA:205,0
DA:206,0
DA:208,0
DA:209,0
DA:210,0
DA:215,0
DA:218,0
DA:219,0
DA:221,0
DA:223,0
DA:229,0
DA:230,0
DA:232,0
DA:233,0
DA:234,0
DA:237,0
DA:238,0
DA:239,0
DA:245,0
DA:247,0
DA:250,0
DA:251,0
DA:252,0
DA:255,0
DA:256,0
DA:268,0
DA:269,0
DA:271,0
DA:272,0
DA:273,0
DA:275,0
LF:124
LH:0
end_of_record
SF:lib\model\food_model.dart
DA:10,2
DA:20,0
DA:21,0
DA:22,0
DA:23,0
DA:24,0
DA:25,0
DA:26,0
DA:27,0
DA:29,0
DA:30,0
DA:31,0
DA:32,0
DA:33,0
DA:34,0
DA:35,0
DA:36,0
DA:37,0
LF:18
LH:1
end_of_record
SF:lib\view\food_details\food_details_page.dart
DA:10,0
DA:12,0
DA:13,0
DA:19,0
DA:21,0
DA:23,0
DA:25,0
DA:27,0
DA:28,0
DA:29,0
DA:30,0
DA:31,0
DA:38,0
DA:39,0
DA:40,0
DA:41,0
DA:49,0
DA:51,0
DA:52,0
DA:53,0
DA:56,0
DA:62,0
DA:64,0
DA:66,0
DA:67,0
DA:69,0
DA:71,0
DA:73,0
DA:77,0
DA:78,0
DA:79,0
DA:81,0
DA:82,0
DA:83,0
DA:84,0
DA:85,0
DA:86,0
DA:87,0
DA:93,0
DA:94,0
DA:95,0
DA:96,0
DA:98,0
DA:99,0
DA:100,0
DA:101,0
LF:46
LH:0
end_of_record
